<?xml version="1.0" encoding="UTF-8"?>
<!-- Generated by org.testng.reporters.JUnitReportReporter -->
<testsuite hostname="LAPTOP-UMKH36NI" failures="0" tests="34" name="intern.ict.testscripts.testclass" time="153.126" errors="0" timestamp="2023-10-08T13:44:12 IST" skipped="0">
  <testcase classname="intern.ict.testscripts.testclass" name="home" time="2.155"/>
  <system-out/>
  <testcase classname="intern.ict.testscripts.testclass" name="wlogin" time="3.748"/>
  <system-out/>
  <testcase classname="intern.ict.testscripts.testclass" name="wlogin1" time="3.536"/>
  <system-out/>
  <testcase classname="intern.ict.testscripts.testclass" name="adlogin" time="4.468"/>
  <system-out/>
  <testcase classname="intern.ict.testscripts.testclass" name="adtrainer" time="3.057"/>
  <system-out/>
  <testcase classname="intern.ict.testscripts.testclass" name="adplacement" time="3.614"/>
  <system-out/>
  <testcase classname="intern.ict.testscripts.testclass" name="adminuser" time="3.324"/>
  <system-out/>
  <testcase classname="intern.ict.testscripts.testclass" name="adminaddusr" time="8.223"/>
  <system-out/>
  <testcase classname="intern.ict.testscripts.testclass" name="wnameuseradd" time="3.874"/>
  <system-out/>
  <testcase classname="intern.ict.testscripts.testclass" name="blankroleadduser" time="4.150"/>
  <system-out/>
  <testcase classname="intern.ict.testscripts.testclass" name="aduserupdate" time="6.298"/>
  <system-out/>
  <testcase classname="intern.ict.testscripts.testclass" name="aduserdelete" time="4.446"/>
  <system-out/>
  <testcase classname="intern.ict.testscripts.testclass" name="wTrainerlogin" time="3.705"/>
  <system-out/>
  <testcase classname="intern.ict.testscripts.testclass" name="wtrainerlogin1" time="5.904"/>
  <system-out/>
  <testcase classname="intern.ict.testscripts.testclass" name="trainerlogin" time="4.792"/>
  <system-out/>
  <testcase classname="intern.ict.testscripts.testclass" name="usrformtitle" time="8.000"/>
  <system-out/>
  <testcase classname="intern.ict.testscripts.testclass" name="wlearntrainer" time="3.758"/>
  <system-out/>
  <testcase classname="intern.ict.testscripts.testclass" name="wnametrainer" time="4.063"/>
  <system-out/>
  <testcase classname="intern.ict.testscripts.testclass" name="trainercourse" time="3.854"/>
  <system-out/>
  <testcase classname="intern.ict.testscripts.testclass" name="trainerproject" time="4.740"/>
  <system-out/>
  <testcase classname="intern.ict.testscripts.testclass" name="trainerbatch" time="3.517"/>
  <system-out/>
  <testcase classname="intern.ict.testscripts.testclass" name="coursestatus" time="3.697"/>
  <system-out/>
  <testcase classname="intern.ict.testscripts.testclass" name="learneradd" time="4.131"/>
  <system-out/>
  <testcase classname="intern.ict.testscripts.testclass" name="trainerbulkdata" time="8.010"/>
  <system-out/>
  <testcase classname="intern.ict.testscripts.testclass" name="trainerbulkdatacancel" time="3.123"/>
  <system-out/>
  <testcase classname="intern.ict.testscripts.testclass" name="traineredit" time="4.495"/>
  <system-out/>
  <testcase classname="intern.ict.testscripts.testclass" name="trainerupdatelearner" time="7.211"/>
  <system-out/>
  <testcase classname="intern.ict.testscripts.testclass" name="trainerdelete" time="4.428"/>
  <system-out/>
  <testcase classname="intern.ict.testscripts.testclass" name="wpoofficerlogin" time="3.737"/>
  <system-out/>
  <testcase classname="intern.ict.testscripts.testclass" name="wplacementlogin1" time="3.224"/>
  <system-out/>
  <testcase classname="intern.ict.testscripts.testclass" name="pologin" time="3.163"/>
  <system-out/>
  <testcase classname="intern.ict.testscripts.testclass" name="pologinup" time="4.418"/>
  <system-out/>
  <testcase classname="intern.ict.testscripts.testclass" name="poupform" time="5.855"/>
  <system-out/>
  <testcase classname="intern.ict.testscripts.testclass" name="pobachtodashboard" time="4.408"/>
  <system-out/>
</testsuite> <!-- intern.ict.testscripts.testclass -->
